# JRE version: Java(TM) SE Runtime Environment (8.0_131-b11) (build 1.8.0_131-b11)
# Java VM: Java HotSpot(TM) 64-Bit Server VM (25.131-b11 mixed mode windows-amd64 compressed oops)
Heap:
 PSYoungGen      total 151552K, used 100225K [0x0000000717100000, 0x0000000724b80000, 0x00000007c0000000)
  eden space 130048K, 77% used [0x0000000717100000,0x000000071d2e04c8,0x000000071f000000)
  from space 21504K, 0% used [0x0000000720500000,0x0000000720500000,0x0000000721a00000)
  to   space 21504K, 0% used [0x000000071f000000,0x000000071f000000,0x0000000720500000)
 ParOldGen       total 237056K, used 18603K [0x00000005c5200000, 0x00000005d3980000, 0x0000000717100000)
  object space 237056K, 7% used [0x00000005c5200000,0x00000005c642af58,0x00000005d3980000)
 Metaspace       used 41333K, capacity 44534K, committed 44760K, reserved 1087488K
  class space    used 5873K, capacity 6351K, committed 6400K, reserved 1048576K
GC Heap History (8 events):
Event: 4.227 GC heap before
{Heap before GC invocations=1 (full 0):
 PSYoungGen      total 151552K, used 119705K [0x0000000717100000, 0x0000000721a00000, 0x00000007c0000000)
  eden space 130048K, 92% used [0x0000000717100000,0x000000071e5e6530,0x000000071f000000)
  from space 21504K, 0% used [0x0000000720500000,0x0000000720500000,0x0000000721a00000)
  to   space 21504K, 0% used [0x000000071f000000,0x000000071f000000,0x0000000720500000)
 ParOldGen       total 347136K, used 0K [0x00000005c5200000, 0x00000005da500000, 0x0000000717100000)
  object space 347136K, 0% used [0x00000005c5200000,0x00000005c5200000,0x00000005da500000)
 Metaspace       used 19962K, capacity 21138K, committed 21248K, reserved 1067008K
  class space    used 2736K, capacity 2966K, committed 3072K, reserved 1048576K
Event: 4.249 GC heap after
Heap after GC invocations=1 (full 0):
 PSYoungGen      total 151552K, used 14863K [0x0000000717100000, 0x0000000721a00000, 0x00000007c0000000)
  eden space 130048K, 0% used [0x0000000717100000,0x0000000717100000,0x000000071f000000)
  from space 21504K, 69% used [0x000000071f000000,0x000000071fe83ea8,0x0000000720500000)
  to   space 21504K, 0% used [0x0000000720500000,0x0000000720500000,0x0000000721a00000)
 ParOldGen       total 347136K, used 24K [0x00000005c5200000, 0x00000005da500000, 0x0000000717100000)
  object space 347136K, 0% used [0x00000005c5200000,0x00000005c5206000,0x00000005da500000)
 Metaspace       used 19962K, capacity 21138K, committed 21248K, reserved 1067008K
  class space    used 2736K, capacity 2966K, committed 3072K, reserved 1048576K
}
Event: 4.249 GC heap before
{Heap before GC invocations=2 (full 1):
 PSYoungGen      total 151552K, used 14863K [0x0000000717100000, 0x0000000721a00000, 0x00000007c0000000)
  eden space 130048K, 0% used [0x0000000717100000,0x0000000717100000,0x000000071f000000)
  from space 21504K, 69% used [0x000000071f000000,0x000000071fe83ea8,0x0000000720500000)
  to   space 21504K, 0% used [0x0000000720500000,0x0000000720500000,0x0000000721a00000)
 ParOldGen       total 347136K, used 24K [0x00000005c5200000, 0x00000005da500000, 0x0000000717100000)
  object space 347136K, 0% used [0x00000005c5200000,0x00000005c5206000,0x00000005da500000)
 Metaspace       used 19962K, capacity 21138K, committed 21248K, reserved 1067008K
  class space    used 2736K, capacity 2966K, committed 3072K, reserved 1048576K
Event: 4.298 GC heap after
Heap after GC invocations=2 (full 1):
 PSYoungGen      total 151552K, used 0K [0x0000000717100000, 0x0000000721a00000, 0x00000007c0000000)
  eden space 130048K, 0% used [0x0000000717100000,0x0000000717100000,0x000000071f000000)
  from space 21504K, 0% used [0x000000071f000000,0x000000071f000000,0x0000000720500000)
  to   space 21504K, 0% used [0x0000000720500000,0x0000000720500000,0x0000000721a00000)
 ParOldGen       total 237056K, used 13955K [0x00000005c5200000, 0x00000005d3980000, 0x0000000717100000)
  object space 237056K, 5% used [0x00000005c5200000,0x00000005c5fa0f28,0x00000005d3980000)
 Metaspace       used 19962K, capacity 21138K, committed 21248K, reserved 1067008K
  class space    used 2736K, capacity 2966K, committed 3072K, reserved 1048576K
}
Event: 6.068 GC heap before
{Heap before GC invocations=3 (full 1):
 PSYoungGen      total 151552K, used 122255K [0x0000000717100000, 0x0000000721a00000, 0x00000007c0000000)
  eden space 130048K, 94% used [0x0000000717100000,0x000000071e863cd8,0x000000071f000000)
  from space 21504K, 0% used [0x000000071f000000,0x000000071f000000,0x0000000720500000)
  to   space 21504K, 0% used [0x0000000720500000,0x0000000720500000,0x0000000721a00000)
 ParOldGen       total 237056K, used 13955K [0x00000005c5200000, 0x00000005d3980000, 0x0000000717100000)
  object space 237056K, 5% used [0x00000005c5200000,0x00000005c5fa0f28,0x00000005d3980000)
 Metaspace       used 33315K, capacity 35182K, committed 35416K, reserved 1079296K
  class space    used 4616K, capacity 4929K, committed 4992K, reserved 1048576K
Event: 6.086 GC heap after
Heap after GC invocations=3 (full 1):
 PSYoungGen      total 151552K, used 14486K [0x0000000717100000, 0x0000000724b80000, 0x00000007c0000000)
  eden space 130048K, 0% used [0x0000000717100000,0x0000000717100000,0x000000071f000000)
  from space 21504K, 67% used [0x0000000720500000,0x0000000721325a78,0x0000000721a00000)
  to   space 21504K, 0% used [0x000000071f000000,0x000000071f000000,0x0000000720500000)
 ParOldGen       total 237056K, used 13963K [0x00000005c5200000, 0x00000005d3980000, 0x0000000717100000)
  object space 237056K, 5% used [0x00000005c5200000,0x00000005c5fa2f28,0x00000005d3980000)
 Metaspace       used 33315K, capacity 35182K, committed 35416K, reserved 1079296K
  class space    used 4616K, capacity 4929K, committed 4992K, reserved 1048576K
}
Event: 6.086 GC heap before
{Heap before GC invocations=4 (full 2):
 PSYoungGen      total 151552K, used 14486K [0x0000000717100000, 0x0000000724b80000, 0x00000007c0000000)
  eden space 130048K, 0% used [0x0000000717100000,0x0000000717100000,0x000000071f000000)
  from space 21504K, 67% used [0x0000000720500000,0x0000000721325a78,0x0000000721a00000)
  to   space 21504K, 0% used [0x000000071f000000,0x000000071f000000,0x0000000720500000)
 ParOldGen       total 237056K, used 13963K [0x00000005c5200000, 0x00000005d3980000, 0x0000000717100000)
  object space 237056K, 5% used [0x00000005c5200000,0x00000005c5fa2f28,0x00000005d3980000)
 Metaspace       used 33315K, capacity 35182K, committed 35416K, reserved 1079296K
  class space    used 4616K, capacity 4929K, committed 4992K, reserved 1048576K
Event: 6.129 GC heap after
Heap after GC invocations=4 (full 2):
 PSYoungGen      total 151552K, used 0K [0x0000000717100000, 0x0000000724b80000, 0x00000007c0000000)
  eden space 130048K, 0% used [0x0000000717100000,0x0000000717100000,0x000000071f000000)
  from space 21504K, 0% used [0x0000000720500000,0x0000000720500000,0x0000000721a00000)
  to   space 21504K, 0% used [0x000000071f000000,0x000000071f000000,0x0000000720500000)
 ParOldGen       total 237056K, used 18603K [0x00000005c5200000, 0x00000005d3980000, 0x0000000717100000)
  object space 237056K, 7% used [0x00000005c5200000,0x00000005c642af58,0x00000005d3980000)
 Metaspace       used 33313K, capacity 35176K, committed 35416K, reserved 1079296K
  class space    used 4615K, capacity 4928K, committed 4992K, reserved 1048576K
}

